WEEK 4
REPORT

O1
02

03
04

Completed:
OCR , displaying Flashcards , displaying summary-
analysis-questions for a given (by the user)act and scene of
the play

Discussion:

1.Conversion of handwritten notes to digital notes (OCR) using tesseract
2.Display of quick and interesting flashcards

3.Displaying summary-analysis-questions for a given (by the user)act and scene
of the play

Backlogs:
NA.

Extras:


C:\Users\RWIK\anaconda3\python.exe: can't open file 'C:\\xampp\\htdocs\\website_php\\ocr_script.py': [Errno 2] No such file or directory
sample friendly letter to a
friend asking for a favour

p)

‘As you know, my truck hos been acting up quite a bit
recently, | took it to the mechanic, and he said that it

is in dire need of a tune-up; however, it will cost almost
$400 to get all of the work done. He soid thot if | had

4 friend who was knowledgeable about i, it would probably
‘be worth buying the parts myself and having them help.

Dear George,

So, 'm writing because | know that you are very handy
‘and enjoy tinkering with cars. Would you be willing to let
‘me borrow your tools ond help me get my truck tuned up?
It would realy help me out and save me a good amount

of money. ary



[What_is. “Progamming 7

Liu fetus +> lonmumcale

Cw : Debe we _ube."” indi” 61 “Englashe L

| usoy fetus do “tier ut A do the Comps a

What jo (> -

Ceili Fa pinay ——

et dalofed by Vent hil ATT
Bell lal 92.

f Ys USA' im |

\\\\\\\\\

|

Uses of C.

gpl ace ad »-prowam fo wide Vabiely of

juflenst om util ia pela

jan.
7

(a ic Used bo rile drat programs an dewices ibe

ds bviviters et.

Fl | |

1 ee

fi el {&

Cel

9 tae

a


sample friendly letter to a
friend asking for a favour

p)

‘As you know, my truck hos been acting up quite a bit
recently, | took it to the mechanic, and he said that it

is in dire need of a tune-up; however, it will cost almost
$400 to get all of the work done. He soid thot if | had

4 friend who was knowledgeable about i, it would probably
‘be worth buying the parts myself and having them help.

Dear George,

So, 'm writing because | know that you are very handy
‘and enjoy tinkering with cars. Would you be willing to let
‘me borrow your tools ond help me get my truck tuned up?
It would realy help me out and save me a good amount

of money. ary


sample friendly letter to a
friend asking for a favour

p)

‘As you know, my truck hos been acting up quite a bit
recently, | took it to the mechanic, and he said that it

is in dire need of a tune-up; however, it will cost almost
$400 to get all of the work done. He soid thot if | had

4 friend who was knowledgeable about i, it would probably
‘be worth buying the parts myself and having them help.

Dear George,

So, 'm writing because | know that you are very handy
‘and enjoy tinkering with cars. Would you be willing to let
‘me borrow your tools ond help me get my truck tuned up?
It would realy help me out and save me a good amount

of money. ary


sample friendly letter to a
friend asking for a favour

p)

‘As you know, my truck hos been acting up quite a bit
recently, | took it to the mechanic, and he said that it

is in dire need of a tune-up; however, it will cost almost
$400 to get all of the work done. He soid thot if | had

4 friend who was knowledgeable about i, it would probably
‘be worth buying the parts myself and having them help.

Dear George,

So, 'm writing because | know that you are very handy
‘and enjoy tinkering with cars. Would you be willing to let
‘me borrow your tools ond help me get my truck tuned up?
It would realy help me out and save me a good amount

of money. ary


sample friendly letter to a
friend asking for a favour

p)

‘As you know, my truck hos been acting up quite a bit
recently, | took it to the mechanic, and he said that it

is in dire need of a tune-up; however, it will cost almost
$400 to get all of the work done. He soid thot if | had

4 friend who was knowledgeable about i, it would probably
‘be worth buying the parts myself and having them help.

Dear George,

So, 'm writing because | know that you are very handy
‘and enjoy tinkering with cars. Would you be willing to let
‘me borrow your tools ond help me get my truck tuned up?
It would realy help me out and save me a good amount

of money. ary


